<?xml version="1.0" encoding="UTF-8"?>
<testsuite xmlns:xsi="http://www.w3.org/2001/XMLSchema-instance" xsi:noNamespaceSchemaLocation="https://maven.apache.org/surefire/maven-surefire-plugin/xsd/surefire-test-report.xsd" name="com.antra.report.client.TestSNS" time="10.426" tests="2" errors="0" skipped="0" failures="0">
  <properties>
    <property name="java.specification.version" value="13"/>
    <property name="sun.jnu.encoding" value="UTF-8"/>
    <property name="java.class.path" value="/Users/zongchanglyu/Desktop/reporting_system_aws/ClientService/target/test-classes:/Users/zongchanglyu/Desktop/reporting_system_aws/ClientService/target/classes:/Users/zongchanglyu/.m2/repository/org/springframework/boot/spring-boot-starter-validation/2.3.0.RELEASE/spring-boot-starter-validation-2.3.0.RELEASE.jar:/Users/zongchanglyu/.m2/repository/org/springframework/boot/spring-boot-starter/2.3.0.RELEASE/spring-boot-starter-2.3.0.RELEASE.jar:/Users/zongchanglyu/.m2/repository/org/springframework/boot/spring-boot-starter-logging/2.3.0.RELEASE/spring-boot-starter-logging-2.3.0.RELEASE.jar:/Users/zongchanglyu/.m2/repository/ch/qos/logback/logback-classic/1.2.3/logback-classic-1.2.3.jar:/Users/zongchanglyu/.m2/repository/ch/qos/logback/logback-core/1.2.3/logback-core-1.2.3.jar:/Users/zongchanglyu/.m2/repository/org/apache/logging/log4j/log4j-to-slf4j/2.13.2/log4j-to-slf4j-2.13.2.jar:/Users/zongchanglyu/.m2/repository/org/apache/logging/log4j/log4j-api/2.13.2/log4j-api-2.13.2.jar:/Users/zongchanglyu/.m2/repository/org/slf4j/jul-to-slf4j/1.7.30/jul-to-slf4j-1.7.30.jar:/Users/zongchanglyu/.m2/repository/jakarta/annotation/jakarta.annotation-api/1.3.5/jakarta.annotation-api-1.3.5.jar:/Users/zongchanglyu/.m2/repository/org/yaml/snakeyaml/1.26/snakeyaml-1.26.jar:/Users/zongchanglyu/.m2/repository/org/glassfish/jakarta.el/3.0.3/jakarta.el-3.0.3.jar:/Users/zongchanglyu/.m2/repository/org/hibernate/validator/hibernate-validator/6.1.5.Final/hibernate-validator-6.1.5.Final.jar:/Users/zongchanglyu/.m2/repository/jakarta/validation/jakarta.validation-api/2.0.2/jakarta.validation-api-2.0.2.jar:/Users/zongchanglyu/.m2/repository/org/jboss/logging/jboss-logging/3.4.1.Final/jboss-logging-3.4.1.Final.jar:/Users/zongchanglyu/.m2/repository/com/fasterxml/classmate/1.5.1/classmate-1.5.1.jar:/Users/zongchanglyu/.m2/repository/org/springframework/boot/spring-boot-starter-web/2.3.0.RELEASE/spring-boot-starter-web-2.3.0.RELEASE.jar:/Users/zongchanglyu/.m2/repository/org/springframework/boot/spring-boot-starter-json/2.3.0.RELEASE/spring-boot-starter-json-2.3.0.RELEASE.jar:/Users/zongchanglyu/.m2/repository/com/fasterxml/jackson/core/jackson-databind/2.11.0/jackson-databind-2.11.0.jar:/Users/zongchanglyu/.m2/repository/com/fasterxml/jackson/core/jackson-annotations/2.11.0/jackson-annotations-2.11.0.jar:/Users/zongchanglyu/.m2/repository/com/fasterxml/jackson/datatype/jackson-datatype-jdk8/2.11.0/jackson-datatype-jdk8-2.11.0.jar:/Users/zongchanglyu/.m2/repository/com/fasterxml/jackson/datatype/jackson-datatype-jsr310/2.11.0/jackson-datatype-jsr310-2.11.0.jar:/Users/zongchanglyu/.m2/repository/com/fasterxml/jackson/module/jackson-module-parameter-names/2.11.0/jackson-module-parameter-names-2.11.0.jar:/Users/zongchanglyu/.m2/repository/org/springframework/boot/spring-boot-starter-tomcat/2.3.0.RELEASE/spring-boot-starter-tomcat-2.3.0.RELEASE.jar:/Users/zongchanglyu/.m2/repository/org/apache/tomcat/embed/tomcat-embed-core/9.0.35/tomcat-embed-core-9.0.35.jar:/Users/zongchanglyu/.m2/repository/org/apache/tomcat/embed/tomcat-embed-websocket/9.0.35/tomcat-embed-websocket-9.0.35.jar:/Users/zongchanglyu/.m2/repository/org/springframework/spring-web/5.2.6.RELEASE/spring-web-5.2.6.RELEASE.jar:/Users/zongchanglyu/.m2/repository/org/springframework/spring-beans/5.2.6.RELEASE/spring-beans-5.2.6.RELEASE.jar:/Users/zongchanglyu/.m2/repository/org/springframework/spring-webmvc/5.2.6.RELEASE/spring-webmvc-5.2.6.RELEASE.jar:/Users/zongchanglyu/.m2/repository/org/springframework/spring-aop/5.2.6.RELEASE/spring-aop-5.2.6.RELEASE.jar:/Users/zongchanglyu/.m2/repository/org/springframework/spring-context/5.2.6.RELEASE/spring-context-5.2.6.RELEASE.jar:/Users/zongchanglyu/.m2/repository/org/springframework/spring-expression/5.2.6.RELEASE/spring-expression-5.2.6.RELEASE.jar:/Users/zongchanglyu/.m2/repository/org/webjars/webjars-locator-core/0.45/webjars-locator-core-0.45.jar:/Users/zongchanglyu/.m2/repository/org/slf4j/slf4j-api/1.7.30/slf4j-api-1.7.30.jar:/Users/zongchanglyu/.m2/repository/io/github/classgraph/classgraph/4.8.69/classgraph-4.8.69.jar:/Users/zongchanglyu/.m2/repository/com/fasterxml/jackson/core/jackson-core/2.11.0/jackson-core-2.11.0.jar:/Users/zongchanglyu/.m2/repository/org/webjars/bootstrap/4.3.1/bootstrap-4.3.1.jar:/Users/zongchanglyu/.m2/repository/org/webjars/popper.js/1.14.3/popper.js-1.14.3.jar:/Users/zongchanglyu/.m2/repository/org/webjars/jquery/3.1.1-1/jquery-3.1.1-1.jar:/Users/zongchanglyu/.m2/repository/org/springframework/cloud/spring-cloud-aws-messaging/2.2.1.RELEASE/spring-cloud-aws-messaging-2.2.1.RELEASE.jar:/Users/zongchanglyu/.m2/repository/org/springframework/cloud/spring-cloud-aws-context/2.2.1.RELEASE/spring-cloud-aws-context-2.2.1.RELEASE.jar:/Users/zongchanglyu/.m2/repository/org/springframework/cloud/spring-cloud-aws-core/2.2.1.RELEASE/spring-cloud-aws-core-2.2.1.RELEASE.jar:/Users/zongchanglyu/.m2/repository/com/amazonaws/aws-java-sdk-s3/1.11.415/aws-java-sdk-s3-1.11.415.jar:/Users/zongchanglyu/.m2/repository/com/amazonaws/aws-java-sdk-kms/1.11.415/aws-java-sdk-kms-1.11.415.jar:/Users/zongchanglyu/.m2/repository/com/amazonaws/aws-java-sdk-ec2/1.11.415/aws-java-sdk-ec2-1.11.415.jar:/Users/zongchanglyu/.m2/repository/com/amazonaws/aws-java-sdk-cloudformation/1.11.415/aws-java-sdk-cloudformation-1.11.415.jar:/Users/zongchanglyu/.m2/repository/com/amazonaws/aws-java-sdk-sns/1.11.415/aws-java-sdk-sns-1.11.415.jar:/Users/zongchanglyu/.m2/repository/com/amazonaws/aws-java-sdk-core/1.11.415/aws-java-sdk-core-1.11.415.jar:/Users/zongchanglyu/.m2/repository/commons-logging/commons-logging/1.1.3/commons-logging-1.1.3.jar:/Users/zongchanglyu/.m2/repository/software/amazon/ion/ion-java/1.0.2/ion-java-1.0.2.jar:/Users/zongchanglyu/.m2/repository/com/fasterxml/jackson/dataformat/jackson-dataformat-cbor/2.11.0/jackson-dataformat-cbor-2.11.0.jar:/Users/zongchanglyu/.m2/repository/joda-time/joda-time/2.8.1/joda-time-2.8.1.jar:/Users/zongchanglyu/.m2/repository/com/amazonaws/jmespath-java/1.11.415/jmespath-java-1.11.415.jar:/Users/zongchanglyu/.m2/repository/com/amazonaws/aws-java-sdk-sqs/1.11.415/aws-java-sdk-sqs-1.11.415.jar:/Users/zongchanglyu/.m2/repository/org/springframework/spring-messaging/5.2.6.RELEASE/spring-messaging-5.2.6.RELEASE.jar:/Users/zongchanglyu/.m2/repository/javax/activation/javax.activation-api/1.2.0/javax.activation-api-1.2.0.jar:/Users/zongchanglyu/.m2/repository/org/springframework/cloud/spring-cloud-starter-aws/2.2.1.RELEASE/spring-cloud-starter-aws-2.2.1.RELEASE.jar:/Users/zongchanglyu/.m2/repository/org/springframework/cloud/spring-cloud-aws-autoconfigure/2.2.1.RELEASE/spring-cloud-aws-autoconfigure-2.2.1.RELEASE.jar:/Users/zongchanglyu/.m2/repository/org/springframework/boot/spring-boot-autoconfigure/2.3.0.RELEASE/spring-boot-autoconfigure-2.3.0.RELEASE.jar:/Users/zongchanglyu/.m2/repository/org/springframework/boot/spring-boot-devtools/2.3.0.RELEASE/spring-boot-devtools-2.3.0.RELEASE.jar:/Users/zongchanglyu/.m2/repository/org/springframework/boot/spring-boot/2.3.0.RELEASE/spring-boot-2.3.0.RELEASE.jar:/Users/zongchanglyu/.m2/repository/org/springframework/boot/spring-boot-starter-test/2.3.0.RELEASE/spring-boot-starter-test-2.3.0.RELEASE.jar:/Users/zongchanglyu/.m2/repository/org/springframework/boot/spring-boot-test/2.3.0.RELEASE/spring-boot-test-2.3.0.RELEASE.jar:/Users/zongchanglyu/.m2/repository/org/springframework/boot/spring-boot-test-autoconfigure/2.3.0.RELEASE/spring-boot-test-autoconfigure-2.3.0.RELEASE.jar:/Users/zongchanglyu/.m2/repository/com/jayway/jsonpath/json-path/2.4.0/json-path-2.4.0.jar:/Users/zongchanglyu/.m2/repository/net/minidev/json-smart/2.3/json-smart-2.3.jar:/Users/zongchanglyu/.m2/repository/net/minidev/accessors-smart/1.2/accessors-smart-1.2.jar:/Users/zongchanglyu/.m2/repository/org/ow2/asm/asm/5.0.4/asm-5.0.4.jar:/Users/zongchanglyu/.m2/repository/jakarta/xml/bind/jakarta.xml.bind-api/2.3.3/jakarta.xml.bind-api-2.3.3.jar:/Users/zongchanglyu/.m2/repository/jakarta/activation/jakarta.activation-api/1.2.2/jakarta.activation-api-1.2.2.jar:/Users/zongchanglyu/.m2/repository/org/assertj/assertj-core/3.16.1/assertj-core-3.16.1.jar:/Users/zongchanglyu/.m2/repository/org/hamcrest/hamcrest/2.2/hamcrest-2.2.jar:/Users/zongchanglyu/.m2/repository/org/junit/jupiter/junit-jupiter/5.6.2/junit-jupiter-5.6.2.jar:/Users/zongchanglyu/.m2/repository/org/junit/jupiter/junit-jupiter-api/5.6.2/junit-jupiter-api-5.6.2.jar:/Users/zongchanglyu/.m2/repository/org/apiguardian/apiguardian-api/1.1.0/apiguardian-api-1.1.0.jar:/Users/zongchanglyu/.m2/repository/org/opentest4j/opentest4j/1.2.0/opentest4j-1.2.0.jar:/Users/zongchanglyu/.m2/repository/org/junit/platform/junit-platform-commons/1.6.2/junit-platform-commons-1.6.2.jar:/Users/zongchanglyu/.m2/repository/org/junit/jupiter/junit-jupiter-params/5.6.2/junit-jupiter-params-5.6.2.jar:/Users/zongchanglyu/.m2/repository/org/junit/jupiter/junit-jupiter-engine/5.6.2/junit-jupiter-engine-5.6.2.jar:/Users/zongchanglyu/.m2/repository/org/junit/platform/junit-platform-engine/1.6.2/junit-platform-engine-1.6.2.jar:/Users/zongchanglyu/.m2/repository/org/mockito/mockito-core/3.3.3/mockito-core-3.3.3.jar:/Users/zongchanglyu/.m2/repository/net/bytebuddy/byte-buddy/1.10.10/byte-buddy-1.10.10.jar:/Users/zongchanglyu/.m2/repository/net/bytebuddy/byte-buddy-agent/1.10.10/byte-buddy-agent-1.10.10.jar:/Users/zongchanglyu/.m2/repository/org/objenesis/objenesis/2.6/objenesis-2.6.jar:/Users/zongchanglyu/.m2/repository/org/mockito/mockito-junit-jupiter/3.3.3/mockito-junit-jupiter-3.3.3.jar:/Users/zongchanglyu/.m2/repository/org/skyscreamer/jsonassert/1.5.0/jsonassert-1.5.0.jar:/Users/zongchanglyu/.m2/repository/com/vaadin/external/google/android-json/0.0.20131108.vaadin1/android-json-0.0.20131108.vaadin1.jar:/Users/zongchanglyu/.m2/repository/org/springframework/spring-core/5.2.6.RELEASE/spring-core-5.2.6.RELEASE.jar:/Users/zongchanglyu/.m2/repository/org/springframework/spring-jcl/5.2.6.RELEASE/spring-jcl-5.2.6.RELEASE.jar:/Users/zongchanglyu/.m2/repository/org/springframework/spring-test/5.2.6.RELEASE/spring-test-5.2.6.RELEASE.jar:/Users/zongchanglyu/.m2/repository/org/xmlunit/xmlunit-core/2.7.0/xmlunit-core-2.7.0.jar:/Users/zongchanglyu/.m2/repository/io/rest-assured/spring-mock-mvc/3.0.7/spring-mock-mvc-3.0.7.jar:/Users/zongchanglyu/.m2/repository/io/rest-assured/rest-assured/3.3.0/rest-assured-3.3.0.jar:/Users/zongchanglyu/.m2/repository/org/codehaus/groovy/groovy/2.5.11/groovy-2.5.11.jar:/Users/zongchanglyu/.m2/repository/org/codehaus/groovy/groovy-xml/2.5.11/groovy-xml-2.5.11.jar:/Users/zongchanglyu/.m2/repository/org/apache/httpcomponents/httpclient/4.5.12/httpclient-4.5.12.jar:/Users/zongchanglyu/.m2/repository/org/apache/httpcomponents/httpcore/4.4.13/httpcore-4.4.13.jar:/Users/zongchanglyu/.m2/repository/commons-codec/commons-codec/1.14/commons-codec-1.14.jar:/Users/zongchanglyu/.m2/repository/org/apache/httpcomponents/httpmime/4.5.12/httpmime-4.5.12.jar:/Users/zongchanglyu/.m2/repository/org/hamcrest/hamcrest-core/2.2/hamcrest-core-2.2.jar:/Users/zongchanglyu/.m2/repository/org/hamcrest/hamcrest-library/2.2/hamcrest-library-2.2.jar:/Users/zongchanglyu/.m2/repository/org/ccil/cowan/tagsoup/tagsoup/1.2.1/tagsoup-1.2.1.jar:/Users/zongchanglyu/.m2/repository/io/rest-assured/json-path/3.3.0/json-path-3.3.0.jar:/Users/zongchanglyu/.m2/repository/org/codehaus/groovy/groovy-json/2.5.11/groovy-json-2.5.11.jar:/Users/zongchanglyu/.m2/repository/io/rest-assured/rest-assured-common/3.3.0/rest-assured-common-3.3.0.jar:/Users/zongchanglyu/.m2/repository/io/rest-assured/xml-path/3.3.0/xml-path-3.3.0.jar:/Users/zongchanglyu/.m2/repository/org/apache/commons/commons-lang3/3.10/commons-lang3-3.10.jar:/Users/zongchanglyu/.m2/repository/javax/xml/bind/jaxb-api/2.3.1/jaxb-api-2.3.1.jar:/Users/zongchanglyu/.m2/repository/com/sun/xml/bind/jaxb-osgi/2.2.10/jaxb-osgi-2.2.10.jar:/Users/zongchanglyu/.m2/repository/org/apache/sling/org.apache.sling.javax.activation/0.1.0/org.apache.sling.javax.activation-0.1.0.jar:/Users/zongchanglyu/.m2/repository/javax/activation/activation/1.1.1/activation-1.1.1.jar:/Users/zongchanglyu/.m2/repository/org/hamcrest/hamcrest-all/1.3/hamcrest-all-1.3.jar:/Users/zongchanglyu/.m2/repository/com/h2database/h2/1.4.199/h2-1.4.199.jar:/Users/zongchanglyu/.m2/repository/org/springframework/boot/spring-boot-starter-data-jpa/2.3.0.RELEASE/spring-boot-starter-data-jpa-2.3.0.RELEASE.jar:/Users/zongchanglyu/.m2/repository/org/springframework/boot/spring-boot-starter-aop/2.3.0.RELEASE/spring-boot-starter-aop-2.3.0.RELEASE.jar:/Users/zongchanglyu/.m2/repository/org/aspectj/aspectjweaver/1.9.5/aspectjweaver-1.9.5.jar:/Users/zongchanglyu/.m2/repository/org/springframework/boot/spring-boot-starter-jdbc/2.3.0.RELEASE/spring-boot-starter-jdbc-2.3.0.RELEASE.jar:/Users/zongchanglyu/.m2/repository/com/zaxxer/HikariCP/3.4.5/HikariCP-3.4.5.jar:/Users/zongchanglyu/.m2/repository/org/springframework/spring-jdbc/5.2.6.RELEASE/spring-jdbc-5.2.6.RELEASE.jar:/Users/zongchanglyu/.m2/repository/jakarta/transaction/jakarta.transaction-api/1.3.3/jakarta.transaction-api-1.3.3.jar:/Users/zongchanglyu/.m2/repository/jakarta/persistence/jakarta.persistence-api/2.2.3/jakarta.persistence-api-2.2.3.jar:/Users/zongchanglyu/.m2/repository/org/hibernate/hibernate-core/5.4.15.Final/hibernate-core-5.4.15.Final.jar:/Users/zongchanglyu/.m2/repository/org/javassist/javassist/3.24.0-GA/javassist-3.24.0-GA.jar:/Users/zongchanglyu/.m2/repository/antlr/antlr/2.7.7/antlr-2.7.7.jar:/Users/zongchanglyu/.m2/repository/org/jboss/jandex/2.1.3.Final/jandex-2.1.3.Final.jar:/Users/zongchanglyu/.m2/repository/org/dom4j/dom4j/2.1.3/dom4j-2.1.3.jar:/Users/zongchanglyu/.m2/repository/org/hibernate/common/hibernate-commons-annotations/5.1.0.Final/hibernate-commons-annotations-5.1.0.Final.jar:/Users/zongchanglyu/.m2/repository/org/glassfish/jaxb/jaxb-runtime/2.3.3/jaxb-runtime-2.3.3.jar:/Users/zongchanglyu/.m2/repository/org/glassfish/jaxb/txw2/2.3.3/txw2-2.3.3.jar:/Users/zongchanglyu/.m2/repository/com/sun/istack/istack-commons-runtime/3.0.11/istack-commons-runtime-3.0.11.jar:/Users/zongchanglyu/.m2/repository/com/sun/activation/jakarta.activation/1.2.2/jakarta.activation-1.2.2.jar:/Users/zongchanglyu/.m2/repository/org/springframework/data/spring-data-jpa/2.3.0.RELEASE/spring-data-jpa-2.3.0.RELEASE.jar:/Users/zongchanglyu/.m2/repository/org/springframework/data/spring-data-commons/2.3.0.RELEASE/spring-data-commons-2.3.0.RELEASE.jar:/Users/zongchanglyu/.m2/repository/org/springframework/spring-orm/5.2.6.RELEASE/spring-orm-5.2.6.RELEASE.jar:/Users/zongchanglyu/.m2/repository/org/springframework/spring-tx/5.2.6.RELEASE/spring-tx-5.2.6.RELEASE.jar:/Users/zongchanglyu/.m2/repository/org/springframework/spring-aspects/5.2.6.RELEASE/spring-aspects-5.2.6.RELEASE.jar:"/>
    <property name="java.vm.vendor" value="Oracle Corporation"/>
    <property name="sun.arch.data.model" value="64"/>
    <property name="java.vendor.url" value="https://java.oracle.com/"/>
    <property name="os.name" value="Mac OS X"/>
    <property name="java.vm.specification.version" value="13"/>
    <property name="sun.java.launcher" value="SUN_STANDARD"/>
    <property name="user.country" value="US"/>
    <property name="sun.boot.library.path" value="/Library/Java/JavaVirtualMachines/jdk-13.jdk/Contents/Home/lib"/>
    <property name="sun.java.command" value="/Users/zongchanglyu/Desktop/reporting_system_aws/ClientService/target/surefire/surefirebooter17605978703933839245.jar /Users/zongchanglyu/Desktop/reporting_system_aws/ClientService/target/surefire 2021-05-11T00-10-19_197-jvmRun1 surefire880752043666526827tmp surefire_08707950496668523012tmp"/>
    <property name="jdk.debug" value="release"/>
    <property name="surefire.test.class.path" value="/Users/zongchanglyu/Desktop/reporting_system_aws/ClientService/target/test-classes:/Users/zongchanglyu/Desktop/reporting_system_aws/ClientService/target/classes:/Users/zongchanglyu/.m2/repository/org/springframework/boot/spring-boot-starter-validation/2.3.0.RELEASE/spring-boot-starter-validation-2.3.0.RELEASE.jar:/Users/zongchanglyu/.m2/repository/org/springframework/boot/spring-boot-starter/2.3.0.RELEASE/spring-boot-starter-2.3.0.RELEASE.jar:/Users/zongchanglyu/.m2/repository/org/springframework/boot/spring-boot-starter-logging/2.3.0.RELEASE/spring-boot-starter-logging-2.3.0.RELEASE.jar:/Users/zongchanglyu/.m2/repository/ch/qos/logback/logback-classic/1.2.3/logback-classic-1.2.3.jar:/Users/zongchanglyu/.m2/repository/ch/qos/logback/logback-core/1.2.3/logback-core-1.2.3.jar:/Users/zongchanglyu/.m2/repository/org/apache/logging/log4j/log4j-to-slf4j/2.13.2/log4j-to-slf4j-2.13.2.jar:/Users/zongchanglyu/.m2/repository/org/apache/logging/log4j/log4j-api/2.13.2/log4j-api-2.13.2.jar:/Users/zongchanglyu/.m2/repository/org/slf4j/jul-to-slf4j/1.7.30/jul-to-slf4j-1.7.30.jar:/Users/zongchanglyu/.m2/repository/jakarta/annotation/jakarta.annotation-api/1.3.5/jakarta.annotation-api-1.3.5.jar:/Users/zongchanglyu/.m2/repository/org/yaml/snakeyaml/1.26/snakeyaml-1.26.jar:/Users/zongchanglyu/.m2/repository/org/glassfish/jakarta.el/3.0.3/jakarta.el-3.0.3.jar:/Users/zongchanglyu/.m2/repository/org/hibernate/validator/hibernate-validator/6.1.5.Final/hibernate-validator-6.1.5.Final.jar:/Users/zongchanglyu/.m2/repository/jakarta/validation/jakarta.validation-api/2.0.2/jakarta.validation-api-2.0.2.jar:/Users/zongchanglyu/.m2/repository/org/jboss/logging/jboss-logging/3.4.1.Final/jboss-logging-3.4.1.Final.jar:/Users/zongchanglyu/.m2/repository/com/fasterxml/classmate/1.5.1/classmate-1.5.1.jar:/Users/zongchanglyu/.m2/repository/org/springframework/boot/spring-boot-starter-web/2.3.0.RELEASE/spring-boot-starter-web-2.3.0.RELEASE.jar:/Users/zongchanglyu/.m2/repository/org/springframework/boot/spring-boot-starter-json/2.3.0.RELEASE/spring-boot-starter-json-2.3.0.RELEASE.jar:/Users/zongchanglyu/.m2/repository/com/fasterxml/jackson/core/jackson-databind/2.11.0/jackson-databind-2.11.0.jar:/Users/zongchanglyu/.m2/repository/com/fasterxml/jackson/core/jackson-annotations/2.11.0/jackson-annotations-2.11.0.jar:/Users/zongchanglyu/.m2/repository/com/fasterxml/jackson/datatype/jackson-datatype-jdk8/2.11.0/jackson-datatype-jdk8-2.11.0.jar:/Users/zongchanglyu/.m2/repository/com/fasterxml/jackson/datatype/jackson-datatype-jsr310/2.11.0/jackson-datatype-jsr310-2.11.0.jar:/Users/zongchanglyu/.m2/repository/com/fasterxml/jackson/module/jackson-module-parameter-names/2.11.0/jackson-module-parameter-names-2.11.0.jar:/Users/zongchanglyu/.m2/repository/org/springframework/boot/spring-boot-starter-tomcat/2.3.0.RELEASE/spring-boot-starter-tomcat-2.3.0.RELEASE.jar:/Users/zongchanglyu/.m2/repository/org/apache/tomcat/embed/tomcat-embed-core/9.0.35/tomcat-embed-core-9.0.35.jar:/Users/zongchanglyu/.m2/repository/org/apache/tomcat/embed/tomcat-embed-websocket/9.0.35/tomcat-embed-websocket-9.0.35.jar:/Users/zongchanglyu/.m2/repository/org/springframework/spring-web/5.2.6.RELEASE/spring-web-5.2.6.RELEASE.jar:/Users/zongchanglyu/.m2/repository/org/springframework/spring-beans/5.2.6.RELEASE/spring-beans-5.2.6.RELEASE.jar:/Users/zongchanglyu/.m2/repository/org/springframework/spring-webmvc/5.2.6.RELEASE/spring-webmvc-5.2.6.RELEASE.jar:/Users/zongchanglyu/.m2/repository/org/springframework/spring-aop/5.2.6.RELEASE/spring-aop-5.2.6.RELEASE.jar:/Users/zongchanglyu/.m2/repository/org/springframework/spring-context/5.2.6.RELEASE/spring-context-5.2.6.RELEASE.jar:/Users/zongchanglyu/.m2/repository/org/springframework/spring-expression/5.2.6.RELEASE/spring-expression-5.2.6.RELEASE.jar:/Users/zongchanglyu/.m2/repository/org/webjars/webjars-locator-core/0.45/webjars-locator-core-0.45.jar:/Users/zongchanglyu/.m2/repository/org/slf4j/slf4j-api/1.7.30/slf4j-api-1.7.30.jar:/Users/zongchanglyu/.m2/repository/io/github/classgraph/classgraph/4.8.69/classgraph-4.8.69.jar:/Users/zongchanglyu/.m2/repository/com/fasterxml/jackson/core/jackson-core/2.11.0/jackson-core-2.11.0.jar:/Users/zongchanglyu/.m2/repository/org/webjars/bootstrap/4.3.1/bootstrap-4.3.1.jar:/Users/zongchanglyu/.m2/repository/org/webjars/popper.js/1.14.3/popper.js-1.14.3.jar:/Users/zongchanglyu/.m2/repository/org/webjars/jquery/3.1.1-1/jquery-3.1.1-1.jar:/Users/zongchanglyu/.m2/repository/org/springframework/cloud/spring-cloud-aws-messaging/2.2.1.RELEASE/spring-cloud-aws-messaging-2.2.1.RELEASE.jar:/Users/zongchanglyu/.m2/repository/org/springframework/cloud/spring-cloud-aws-context/2.2.1.RELEASE/spring-cloud-aws-context-2.2.1.RELEASE.jar:/Users/zongchanglyu/.m2/repository/org/springframework/cloud/spring-cloud-aws-core/2.2.1.RELEASE/spring-cloud-aws-core-2.2.1.RELEASE.jar:/Users/zongchanglyu/.m2/repository/com/amazonaws/aws-java-sdk-s3/1.11.415/aws-java-sdk-s3-1.11.415.jar:/Users/zongchanglyu/.m2/repository/com/amazonaws/aws-java-sdk-kms/1.11.415/aws-java-sdk-kms-1.11.415.jar:/Users/zongchanglyu/.m2/repository/com/amazonaws/aws-java-sdk-ec2/1.11.415/aws-java-sdk-ec2-1.11.415.jar:/Users/zongchanglyu/.m2/repository/com/amazonaws/aws-java-sdk-cloudformation/1.11.415/aws-java-sdk-cloudformation-1.11.415.jar:/Users/zongchanglyu/.m2/repository/com/amazonaws/aws-java-sdk-sns/1.11.415/aws-java-sdk-sns-1.11.415.jar:/Users/zongchanglyu/.m2/repository/com/amazonaws/aws-java-sdk-core/1.11.415/aws-java-sdk-core-1.11.415.jar:/Users/zongchanglyu/.m2/repository/commons-logging/commons-logging/1.1.3/commons-logging-1.1.3.jar:/Users/zongchanglyu/.m2/repository/software/amazon/ion/ion-java/1.0.2/ion-java-1.0.2.jar:/Users/zongchanglyu/.m2/repository/com/fasterxml/jackson/dataformat/jackson-dataformat-cbor/2.11.0/jackson-dataformat-cbor-2.11.0.jar:/Users/zongchanglyu/.m2/repository/joda-time/joda-time/2.8.1/joda-time-2.8.1.jar:/Users/zongchanglyu/.m2/repository/com/amazonaws/jmespath-java/1.11.415/jmespath-java-1.11.415.jar:/Users/zongchanglyu/.m2/repository/com/amazonaws/aws-java-sdk-sqs/1.11.415/aws-java-sdk-sqs-1.11.415.jar:/Users/zongchanglyu/.m2/repository/org/springframework/spring-messaging/5.2.6.RELEASE/spring-messaging-5.2.6.RELEASE.jar:/Users/zongchanglyu/.m2/repository/javax/activation/javax.activation-api/1.2.0/javax.activation-api-1.2.0.jar:/Users/zongchanglyu/.m2/repository/org/springframework/cloud/spring-cloud-starter-aws/2.2.1.RELEASE/spring-cloud-starter-aws-2.2.1.RELEASE.jar:/Users/zongchanglyu/.m2/repository/org/springframework/cloud/spring-cloud-aws-autoconfigure/2.2.1.RELEASE/spring-cloud-aws-autoconfigure-2.2.1.RELEASE.jar:/Users/zongchanglyu/.m2/repository/org/springframework/boot/spring-boot-autoconfigure/2.3.0.RELEASE/spring-boot-autoconfigure-2.3.0.RELEASE.jar:/Users/zongchanglyu/.m2/repository/org/springframework/boot/spring-boot-devtools/2.3.0.RELEASE/spring-boot-devtools-2.3.0.RELEASE.jar:/Users/zongchanglyu/.m2/repository/org/springframework/boot/spring-boot/2.3.0.RELEASE/spring-boot-2.3.0.RELEASE.jar:/Users/zongchanglyu/.m2/repository/org/springframework/boot/spring-boot-starter-test/2.3.0.RELEASE/spring-boot-starter-test-2.3.0.RELEASE.jar:/Users/zongchanglyu/.m2/repository/org/springframework/boot/spring-boot-test/2.3.0.RELEASE/spring-boot-test-2.3.0.RELEASE.jar:/Users/zongchanglyu/.m2/repository/org/springframework/boot/spring-boot-test-autoconfigure/2.3.0.RELEASE/spring-boot-test-autoconfigure-2.3.0.RELEASE.jar:/Users/zongchanglyu/.m2/repository/com/jayway/jsonpath/json-path/2.4.0/json-path-2.4.0.jar:/Users/zongchanglyu/.m2/repository/net/minidev/json-smart/2.3/json-smart-2.3.jar:/Users/zongchanglyu/.m2/repository/net/minidev/accessors-smart/1.2/accessors-smart-1.2.jar:/Users/zongchanglyu/.m2/repository/org/ow2/asm/asm/5.0.4/asm-5.0.4.jar:/Users/zongchanglyu/.m2/repository/jakarta/xml/bind/jakarta.xml.bind-api/2.3.3/jakarta.xml.bind-api-2.3.3.jar:/Users/zongchanglyu/.m2/repository/jakarta/activation/jakarta.activation-api/1.2.2/jakarta.activation-api-1.2.2.jar:/Users/zongchanglyu/.m2/repository/org/assertj/assertj-core/3.16.1/assertj-core-3.16.1.jar:/Users/zongchanglyu/.m2/repository/org/hamcrest/hamcrest/2.2/hamcrest-2.2.jar:/Users/zongchanglyu/.m2/repository/org/junit/jupiter/junit-jupiter/5.6.2/junit-jupiter-5.6.2.jar:/Users/zongchanglyu/.m2/repository/org/junit/jupiter/junit-jupiter-api/5.6.2/junit-jupiter-api-5.6.2.jar:/Users/zongchanglyu/.m2/repository/org/apiguardian/apiguardian-api/1.1.0/apiguardian-api-1.1.0.jar:/Users/zongchanglyu/.m2/repository/org/opentest4j/opentest4j/1.2.0/opentest4j-1.2.0.jar:/Users/zongchanglyu/.m2/repository/org/junit/platform/junit-platform-commons/1.6.2/junit-platform-commons-1.6.2.jar:/Users/zongchanglyu/.m2/repository/org/junit/jupiter/junit-jupiter-params/5.6.2/junit-jupiter-params-5.6.2.jar:/Users/zongchanglyu/.m2/repository/org/junit/jupiter/junit-jupiter-engine/5.6.2/junit-jupiter-engine-5.6.2.jar:/Users/zongchanglyu/.m2/repository/org/junit/platform/junit-platform-engine/1.6.2/junit-platform-engine-1.6.2.jar:/Users/zongchanglyu/.m2/repository/org/mockito/mockito-core/3.3.3/mockito-core-3.3.3.jar:/Users/zongchanglyu/.m2/repository/net/bytebuddy/byte-buddy/1.10.10/byte-buddy-1.10.10.jar:/Users/zongchanglyu/.m2/repository/net/bytebuddy/byte-buddy-agent/1.10.10/byte-buddy-agent-1.10.10.jar:/Users/zongchanglyu/.m2/repository/org/objenesis/objenesis/2.6/objenesis-2.6.jar:/Users/zongchanglyu/.m2/repository/org/mockito/mockito-junit-jupiter/3.3.3/mockito-junit-jupiter-3.3.3.jar:/Users/zongchanglyu/.m2/repository/org/skyscreamer/jsonassert/1.5.0/jsonassert-1.5.0.jar:/Users/zongchanglyu/.m2/repository/com/vaadin/external/google/android-json/0.0.20131108.vaadin1/android-json-0.0.20131108.vaadin1.jar:/Users/zongchanglyu/.m2/repository/org/springframework/spring-core/5.2.6.RELEASE/spring-core-5.2.6.RELEASE.jar:/Users/zongchanglyu/.m2/repository/org/springframework/spring-jcl/5.2.6.RELEASE/spring-jcl-5.2.6.RELEASE.jar:/Users/zongchanglyu/.m2/repository/org/springframework/spring-test/5.2.6.RELEASE/spring-test-5.2.6.RELEASE.jar:/Users/zongchanglyu/.m2/repository/org/xmlunit/xmlunit-core/2.7.0/xmlunit-core-2.7.0.jar:/Users/zongchanglyu/.m2/repository/io/rest-assured/spring-mock-mvc/3.0.7/spring-mock-mvc-3.0.7.jar:/Users/zongchanglyu/.m2/repository/io/rest-assured/rest-assured/3.3.0/rest-assured-3.3.0.jar:/Users/zongchanglyu/.m2/repository/org/codehaus/groovy/groovy/2.5.11/groovy-2.5.11.jar:/Users/zongchanglyu/.m2/repository/org/codehaus/groovy/groovy-xml/2.5.11/groovy-xml-2.5.11.jar:/Users/zongchanglyu/.m2/repository/org/apache/httpcomponents/httpclient/4.5.12/httpclient-4.5.12.jar:/Users/zongchanglyu/.m2/repository/org/apache/httpcomponents/httpcore/4.4.13/httpcore-4.4.13.jar:/Users/zongchanglyu/.m2/repository/commons-codec/commons-codec/1.14/commons-codec-1.14.jar:/Users/zongchanglyu/.m2/repository/org/apache/httpcomponents/httpmime/4.5.12/httpmime-4.5.12.jar:/Users/zongchanglyu/.m2/repository/org/hamcrest/hamcrest-core/2.2/hamcrest-core-2.2.jar:/Users/zongchanglyu/.m2/repository/org/hamcrest/hamcrest-library/2.2/hamcrest-library-2.2.jar:/Users/zongchanglyu/.m2/repository/org/ccil/cowan/tagsoup/tagsoup/1.2.1/tagsoup-1.2.1.jar:/Users/zongchanglyu/.m2/repository/io/rest-assured/json-path/3.3.0/json-path-3.3.0.jar:/Users/zongchanglyu/.m2/repository/org/codehaus/groovy/groovy-json/2.5.11/groovy-json-2.5.11.jar:/Users/zongchanglyu/.m2/repository/io/rest-assured/rest-assured-common/3.3.0/rest-assured-common-3.3.0.jar:/Users/zongchanglyu/.m2/repository/io/rest-assured/xml-path/3.3.0/xml-path-3.3.0.jar:/Users/zongchanglyu/.m2/repository/org/apache/commons/commons-lang3/3.10/commons-lang3-3.10.jar:/Users/zongchanglyu/.m2/repository/javax/xml/bind/jaxb-api/2.3.1/jaxb-api-2.3.1.jar:/Users/zongchanglyu/.m2/repository/com/sun/xml/bind/jaxb-osgi/2.2.10/jaxb-osgi-2.2.10.jar:/Users/zongchanglyu/.m2/repository/org/apache/sling/org.apache.sling.javax.activation/0.1.0/org.apache.sling.javax.activation-0.1.0.jar:/Users/zongchanglyu/.m2/repository/javax/activation/activation/1.1.1/activation-1.1.1.jar:/Users/zongchanglyu/.m2/repository/org/hamcrest/hamcrest-all/1.3/hamcrest-all-1.3.jar:/Users/zongchanglyu/.m2/repository/com/h2database/h2/1.4.199/h2-1.4.199.jar:/Users/zongchanglyu/.m2/repository/org/springframework/boot/spring-boot-starter-data-jpa/2.3.0.RELEASE/spring-boot-starter-data-jpa-2.3.0.RELEASE.jar:/Users/zongchanglyu/.m2/repository/org/springframework/boot/spring-boot-starter-aop/2.3.0.RELEASE/spring-boot-starter-aop-2.3.0.RELEASE.jar:/Users/zongchanglyu/.m2/repository/org/aspectj/aspectjweaver/1.9.5/aspectjweaver-1.9.5.jar:/Users/zongchanglyu/.m2/repository/org/springframework/boot/spring-boot-starter-jdbc/2.3.0.RELEASE/spring-boot-starter-jdbc-2.3.0.RELEASE.jar:/Users/zongchanglyu/.m2/repository/com/zaxxer/HikariCP/3.4.5/HikariCP-3.4.5.jar:/Users/zongchanglyu/.m2/repository/org/springframework/spring-jdbc/5.2.6.RELEASE/spring-jdbc-5.2.6.RELEASE.jar:/Users/zongchanglyu/.m2/repository/jakarta/transaction/jakarta.transaction-api/1.3.3/jakarta.transaction-api-1.3.3.jar:/Users/zongchanglyu/.m2/repository/jakarta/persistence/jakarta.persistence-api/2.2.3/jakarta.persistence-api-2.2.3.jar:/Users/zongchanglyu/.m2/repository/org/hibernate/hibernate-core/5.4.15.Final/hibernate-core-5.4.15.Final.jar:/Users/zongchanglyu/.m2/repository/org/javassist/javassist/3.24.0-GA/javassist-3.24.0-GA.jar:/Users/zongchanglyu/.m2/repository/antlr/antlr/2.7.7/antlr-2.7.7.jar:/Users/zongchanglyu/.m2/repository/org/jboss/jandex/2.1.3.Final/jandex-2.1.3.Final.jar:/Users/zongchanglyu/.m2/repository/org/dom4j/dom4j/2.1.3/dom4j-2.1.3.jar:/Users/zongchanglyu/.m2/repository/org/hibernate/common/hibernate-commons-annotations/5.1.0.Final/hibernate-commons-annotations-5.1.0.Final.jar:/Users/zongchanglyu/.m2/repository/org/glassfish/jaxb/jaxb-runtime/2.3.3/jaxb-runtime-2.3.3.jar:/Users/zongchanglyu/.m2/repository/org/glassfish/jaxb/txw2/2.3.3/txw2-2.3.3.jar:/Users/zongchanglyu/.m2/repository/com/sun/istack/istack-commons-runtime/3.0.11/istack-commons-runtime-3.0.11.jar:/Users/zongchanglyu/.m2/repository/com/sun/activation/jakarta.activation/1.2.2/jakarta.activation-1.2.2.jar:/Users/zongchanglyu/.m2/repository/org/springframework/data/spring-data-jpa/2.3.0.RELEASE/spring-data-jpa-2.3.0.RELEASE.jar:/Users/zongchanglyu/.m2/repository/org/springframework/data/spring-data-commons/2.3.0.RELEASE/spring-data-commons-2.3.0.RELEASE.jar:/Users/zongchanglyu/.m2/repository/org/springframework/spring-orm/5.2.6.RELEASE/spring-orm-5.2.6.RELEASE.jar:/Users/zongchanglyu/.m2/repository/org/springframework/spring-tx/5.2.6.RELEASE/spring-tx-5.2.6.RELEASE.jar:/Users/zongchanglyu/.m2/repository/org/springframework/spring-aspects/5.2.6.RELEASE/spring-aspects-5.2.6.RELEASE.jar:"/>
    <property name="sun.cpu.endian" value="little"/>
    <property name="user.home" value="/Users/zongchanglyu"/>
    <property name="user.language" value="zh"/>
    <property name="java.specification.vendor" value="Oracle Corporation"/>
    <property name="java.version.date" value="2019-09-17"/>
    <property name="java.home" value="/Library/Java/JavaVirtualMachines/jdk-13.jdk/Contents/Home"/>
    <property name="file.separator" value="/"/>
    <property name="basedir" value="/Users/zongchanglyu/Desktop/reporting_system_aws/ClientService"/>
    <property name="java.vm.compressedOopsMode" value="Zero based"/>
    <property name="line.separator" value="&#10;"/>
    <property name="java.vm.specification.vendor" value="Oracle Corporation"/>
    <property name="java.specification.name" value="Java Platform API Specification"/>
    <property name="surefire.real.class.path" value="/Users/zongchanglyu/Desktop/reporting_system_aws/ClientService/target/surefire/surefirebooter17605978703933839245.jar"/>
    <property name="user.script" value="Hans"/>
    <property name="sun.management.compiler" value="HotSpot 64-Bit Tiered Compilers"/>
    <property name="java.runtime.version" value="13+33"/>
    <property name="user.name" value="zongchanglyu"/>
    <property name="path.separator" value=":"/>
    <property name="os.version" value="10.16"/>
    <property name="java.runtime.name" value="Java(TM) SE Runtime Environment"/>
    <property name="file.encoding" value="UTF-8"/>
    <property name="java.vm.name" value="Java HotSpot(TM) 64-Bit Server VM"/>
    <property name="localRepository" value="/Users/zongchanglyu/.m2/repository"/>
    <property name="java.vendor.url.bug" value="https://bugreport.java.com/bugreport/"/>
    <property name="java.io.tmpdir" value="/var/folders/3t/lg5y1rx53rz_8ryms1zp6l8w0000gn/T/"/>
    <property name="idea.version" value="2020.2.3"/>
    <property name="java.version" value="13"/>
    <property name="user.dir" value="/Users/zongchanglyu/Desktop/reporting_system_aws/ClientService"/>
    <property name="os.arch" value="x86_64"/>
    <property name="java.vm.specification.name" value="Java Virtual Machine Specification"/>
    <property name="java.library.path" value="/Users/zongchanglyu/Library/Java/Extensions:/Library/Java/Extensions:/Network/Library/Java/Extensions:/System/Library/Java/Extensions:/usr/lib/java:."/>
    <property name="java.vm.info" value="mixed mode, sharing"/>
    <property name="java.vendor" value="Oracle Corporation"/>
    <property name="java.vm.version" value="13+33"/>
    <property name="sun.io.unicode.encoding" value="UnicodeBig"/>
    <property name="java.class.version" value="57.0"/>
  </properties>
  <testcase name="testReportService" classname="com.antra.report.client.TestSNS" time="0.241"/>
  <testcase name="testSNSSend" classname="com.antra.report.client.TestSNS" time="0.002"/>
</testsuite>